This is XeTeX, Version 3.14159265-2.6-0.99998 (TeX Live 2017/Arch Linux) (preloaded format=xelatex 2018.3.14)  30 APR 2018 00:25
entering extended mode
 restricted \write18 enabled.
 %&-line parsing enabled.
**list_top_players.py
(./list_top_players.py
LaTeX2e <2017-04-15>
Babel <3.18> and hyphenation patterns for 84 language(s) loaded.
! You can't use `macro parameter character #' in vertical mode.
l.1 #
     !/bin/env/python
? x
 
Here is how much of TeX's memory you used:
 5 strings out of 493007
 79 string characters out of 6140075
 61811 words of memory out of 5000000
 4075 multiletter control sequences out of 15000+600000
 3640 words of font info for 14 fonts, out of 8000000 for 9000
 1348 hyphenation exceptions out of 8191
 5i,0n,1p,41b,8s stack positions out of 5000i,500n,10000p,200000b,80000s
No pages of output.
