This is XeTeX, Version 3.14159265-2.6-0.99998 (TeX Live 2017/Arch Linux) (preloaded format=xelatex 2018.3.14)  28 APR 2018 17:42
entering extended mode
 restricted \write18 enabled.
 %&-line parsing enabled.
**make_elo.rb
(./make_elo.rb
LaTeX2e <2017-04-15>
Babel <3.18> and hyphenation patterns for 84 language(s) loaded.

! LaTeX Error: Missing \begin{document}.

See the LaTeX manual or LaTeX Companion for explanation.
Type  H <return>  for immediate help.
 ...                                              
                                                  
l.1 r
     equire 'whole_history_rating'
? x
 
Here is how much of TeX's memory you used:
 6 strings out of 493007
 180 string characters out of 6140075
 61811 words of memory out of 5000000
 4075 multiletter control sequences out of 15000+600000
 3640 words of font info for 14 fonts, out of 8000000 for 9000
 1348 hyphenation exceptions out of 8191
 5i,0n,4p,46b,14s stack positions out of 5000i,500n,10000p,200000b,80000s
No pages of output.
